[02-Sep-2020 16:31:30] NOTICE: fpm is running, pid 16
[02-Sep-2020 16:31:30] NOTICE: ready to handle connections
[02-Sep-2020 16:31:30] NOTICE: systemd monitor interval set to 10000ms
[04-Sep-2020 13:34:57] NOTICE: fpm is running, pid 16
[04-Sep-2020 13:34:57] NOTICE: ready to handle connections
[04-Sep-2020 13:34:57] NOTICE: systemd monitor interval set to 10000ms
[10-Nov-2022 08:33:23] NOTICE: fpm is running, pid 17
[10-Nov-2022 08:33:23] NOTICE: ready to handle connections
[10-Nov-2022 08:33:23] NOTICE: systemd monitor interval set to 10000ms
[10-Nov-2022 08:34:06] NOTICE: fpm is running, pid 17
[10-Nov-2022 08:34:06] NOTICE: ready to handle connections
[10-Nov-2022 08:34:06] NOTICE: systemd monitor interval set to 10000ms
[10-Nov-2022 08:37:37] NOTICE: fpm is running, pid 18
[10-Nov-2022 08:37:37] NOTICE: ready to handle connections
[10-Nov-2022 08:37:37] NOTICE: systemd monitor interval set to 10000ms
[10-Nov-2022 08:40:47] NOTICE: fpm is running, pid 16
[10-Nov-2022 08:40:47] NOTICE: ready to handle connections
[10-Nov-2022 08:40:47] NOTICE: systemd monitor interval set to 10000ms
[10-Nov-2022 10:28:27] NOTICE: fpm is running, pid 17
[10-Nov-2022 10:28:27] NOTICE: ready to handle connections
[10-Nov-2022 10:28:27] NOTICE: systemd monitor interval set to 10000ms
[10-Nov-2022 10:36:34] NOTICE: fpm is running, pid 15
[10-Nov-2022 10:36:34] NOTICE: ready to handle connections
[10-Nov-2022 10:36:34] NOTICE: systemd monitor interval set to 10000ms
[10-Nov-2022 10:37:55] NOTICE: fpm is running, pid 15
[10-Nov-2022 10:37:55] NOTICE: ready to handle connections
[10-Nov-2022 10:37:55] NOTICE: systemd monitor interval set to 10000ms
[10-Nov-2022 10:40:19] NOTICE: fpm is running, pid 15
[10-Nov-2022 10:40:19] NOTICE: ready to handle connections
[10-Nov-2022 10:40:19] NOTICE: systemd monitor interval set to 10000ms
[10-Nov-2022 10:46:45] NOTICE: fpm is running, pid 17
[10-Nov-2022 10:46:45] NOTICE: ready to handle connections
[10-Nov-2022 10:46:45] NOTICE: systemd monitor interval set to 10000ms
[10-Nov-2022 10:50:01] NOTICE: fpm is running, pid 17
[10-Nov-2022 10:50:01] NOTICE: ready to handle connections
[10-Nov-2022 10:50:01] NOTICE: systemd monitor interval set to 10000ms
[10-Nov-2022 10:51:12] NOTICE: fpm is running, pid 17
[10-Nov-2022 10:51:12] NOTICE: ready to handle connections
[10-Nov-2022 10:51:12] NOTICE: systemd monitor interval set to 10000ms
[11-Nov-2022 04:08:55] NOTICE: fpm is running, pid 17
[11-Nov-2022 04:08:55] NOTICE: ready to handle connections
[11-Nov-2022 04:08:55] NOTICE: systemd monitor interval set to 10000ms
